# JRE version: OpenJDK Runtime Environment (8.0_242-b01) (build 1.8.0_242-release-1644-b01)
# Java VM: OpenJDK 64-Bit Server VM (25.242-b01 mixed mode windows-amd64 compressed oops)
Heap:
 PSYoungGen      total 207872K, used 63622K [0x00000000e0000000, 0x00000000ee480000, 0x0000000100000000)
  eden space 184320K, 21% used [0x00000000e0000000,0x00000000e2724a28,0x00000000eb400000)
  from space 23552K, 99% used [0x00000000eb400000,0x00000000ecafcee0,0x00000000ecb00000)
  to   space 19968K, 0% used [0x00000000ecb00000,0x00000000ecb00000,0x00000000ede80000)
 ParOldGen       total 260096K, used 49556K [0x00000000a0000000, 0x00000000afe00000, 0x00000000e0000000)
  object space 260096K, 19% used [0x00000000a0000000,0x00000000a30652c8,0x00000000afe00000)
 Metaspace       used 79587K, capacity 82984K, committed 83352K, reserved 1122304K
  class space    used 10694K, capacity 11325K, committed 11440K, reserved 1048576K
GC Heap History (10 events):
Event: 9.305 GC heap before
{Heap before GC invocations=12 (full 2):
 PSYoungGen      total 167936K, used 112405K [0x00000000e0000000, 0x00000000ec300000, 0x0000000100000000)
  eden space 156672K, 64% used [0x00000000e0000000,0x00000000e62c7920,0x00000000e9900000)
  from space 11264K, 99% used [0x00000000e9900000,0x00000000ea3fdea0,0x00000000ea400000)
  to   space 15872K, 0% used [0x00000000eb380000,0x00000000eb380000,0x00000000ec300000)
 ParOldGen       total 166400K, used 23257K [0x00000000a0000000, 0x00000000aa280000, 0x00000000e0000000)
  object space 166400K, 13% used [0x00000000a0000000,0x00000000a16b65d0,0x00000000aa280000)
 Metaspace       used 56929K, capacity 59098K, committed 59160K, reserved 1099776K
  class space    used 7495K, capacity 7969K, committed 7984K, reserved 1048576K
Event: 9.323 GC heap after
Heap after GC invocations=12 (full 2):
 PSYoungGen      total 179712K, used 15868K [0x00000000e0000000, 0x00000000ee280000, 0x0000000100000000)
  eden space 163840K, 0% used [0x00000000e0000000,0x00000000e0000000,0x00000000ea000000)
  from space 15872K, 99% used [0x00000000eb380000,0x00000000ec2ff320,0x00000000ec300000)
  to   space 19968K, 0% used [0x00000000ea000000,0x00000000ea000000,0x00000000eb380000)
 ParOldGen       total 166400K, used 29878K [0x00000000a0000000, 0x00000000aa280000, 0x00000000e0000000)
  object space 166400K, 17% used [0x00000000a0000000,0x00000000a1d2d908,0x00000000aa280000)
 Metaspace       used 56929K, capacity 59098K, committed 59160K, reserved 1099776K
  class space    used 7495K, capacity 7969K, committed 7984K, reserved 1048576K
}
Event: 9.323 GC heap before
{Heap before GC invocations=13 (full 3):
 PSYoungGen      total 179712K, used 15868K [0x00000000e0000000, 0x00000000ee280000, 0x0000000100000000)
  eden space 163840K, 0% used [0x00000000e0000000,0x00000000e0000000,0x00000000ea000000)
  from space 15872K, 99% used [0x00000000eb380000,0x00000000ec2ff320,0x00000000ec300000)
  to   space 19968K, 0% used [0x00000000ea000000,0x00000000ea000000,0x00000000eb380000)
 ParOldGen       total 166400K, used 29878K [0x00000000a0000000, 0x00000000aa280000, 0x00000000e0000000)
  object space 166400K, 17% used [0x00000000a0000000,0x00000000a1d2d908,0x00000000aa280000)
 Metaspace       used 56929K, capacity 59098K, committed 59160K, reserved 1099776K
  class space    used 7495K, capacity 7969K, committed 7984K, reserved 1048576K
Event: 9.627 GC heap after
Heap after GC invocations=13 (full 3):
 PSYoungGen      total 179712K, used 0K [0x00000000e0000000, 0x00000000ee280000, 0x0000000100000000)
  eden space 163840K, 0% used [0x00000000e0000000,0x00000000e0000000,0x00000000ea000000)
  from space 15872K, 0% used [0x00000000eb380000,0x00000000eb380000,0x00000000ec300000)
  to   space 19968K, 0% used [0x00000000ea000000,0x00000000ea000000,0x00000000eb380000)
 ParOldGen       total 260096K, used 36797K [0x00000000a0000000, 0x00000000afe00000, 0x00000000e0000000)
  object space 260096K, 14% used [0x00000000a0000000,0x00000000a23ef408,0x00000000afe00000)
 Metaspace       used 56853K, capacity 58872K, committed 59160K, reserved 1099776K
  class space    used 7475K, capacity 7938K, committed 7984K, reserved 1048576K
}
Event: 11.480 GC heap before
{Heap before GC invocations=14 (full 3):
 PSYoungGen      total 179712K, used 163840K [0x00000000e0000000, 0x00000000ee280000, 0x0000000100000000)
  eden space 163840K, 100% used [0x00000000e0000000,0x00000000ea000000,0x00000000ea000000)
  from space 15872K, 0% used [0x00000000eb380000,0x00000000eb380000,0x00000000ec300000)
  to   space 19968K, 0% used [0x00000000ea000000,0x00000000ea000000,0x00000000eb380000)
 ParOldGen       total 260096K, used 36797K [0x00000000a0000000, 0x00000000afe00000, 0x00000000e0000000)
  object space 260096K, 14% used [0x00000000a0000000,0x00000000a23ef408,0x00000000afe00000)
 Metaspace       used 65031K, capacity 67320K, committed 67608K, reserved 1107968K
  class space    used 8729K, capacity 9216K, committed 9264K, reserved 1048576K
Event: 11.496 GC heap after
Heap after GC invocations=14 (full 3):
 PSYoungGen      total 183808K, used 14296K [0x00000000e0000000, 0x00000000ede80000, 0x0000000100000000)
  eden space 163840K, 0% used [0x00000000e0000000,0x00000000e0000000,0x00000000ea000000)
  from space 19968K, 71% used [0x00000000ea000000,0x00000000eadf60a0,0x00000000eb380000)
  to   space 19968K, 0% used [0x00000000ecb00000,0x00000000ecb00000,0x00000000ede80000)
 ParOldGen       total 260096K, used 36805K [0x00000000a0000000, 0x00000000afe00000, 0x00000000e0000000)
  object space 260096K, 14% used [0x00000000a0000000,0x00000000a23f1408,0x00000000afe00000)
 Metaspace       used 65031K, capacity 67320K, committed 67608K, reserved 1107968K
  class space    used 8729K, capacity 9216K, committed 9264K, reserved 1048576K
}
Event: 14.329 GC heap before
{Heap before GC invocations=15 (full 3):
 PSYoungGen      total 183808K, used 178136K [0x00000000e0000000, 0x00000000ede80000, 0x0000000100000000)
  eden space 163840K, 100% used [0x00000000e0000000,0x00000000ea000000,0x00000000ea000000)
  from space 19968K, 71% used [0x00000000ea000000,0x00000000eadf60a0,0x00000000eb380000)
  to   space 19968K, 0% used [0x00000000ecb00000,0x00000000ecb00000,0x00000000ede80000)
 ParOldGen       total 260096K, used 36805K [0x00000000a0000000, 0x00000000afe00000, 0x00000000e0000000)
  object space 260096K, 14% used [0x00000000a0000000,0x00000000a23f1408,0x00000000afe00000)
 Metaspace       used 72892K, capacity 75826K, committed 76056K, reserved 1114112K
  class space    used 9902K, capacity 10501K, committed 10544K, reserved 1048576K
Event: 14.356 GC heap after
Heap after GC invocations=15 (full 3):
 PSYoungGen      total 204288K, used 19947K [0x00000000e0000000, 0x00000000ee480000, 0x0000000100000000)
  eden space 184320K, 0% used [0x00000000e0000000,0x00000000e0000000,0x00000000eb400000)
  from space 19968K, 99% used [0x00000000ecb00000,0x00000000ede7aef0,0x00000000ede80000)
  to   space 23552K, 0% used [0x00000000eb400000,0x00000000eb400000,0x00000000ecb00000)
 ParOldGen       total 260096K, used 39392K [0x00000000a0000000, 0x00000000afe00000, 0x00000000e0000000)
  object space 260096K, 15% used [0x00000000a0000000,0x00000000a26781b0,0x00000000afe00000)
 Metaspace       used 72892K, capacity 75826K, committed 76056K, reserved 1114112K
  class space    used 9902K, capacity 10501K, committed 10544K, reserved 1048576K
}
Event: 18.375 GC heap before
{Heap before GC invocations=16 (full 3):
 PSYoungGen      total 204288K, used 204267K [0x00000000e0000000, 0x00000000ee480000, 0x0000000100000000)
  eden space 184320K, 100% used [0x00000000e0000000,0x00000000eb400000,0x00000000eb400000)
  from space 19968K, 99% used [0x00000000ecb00000,0x00000000ede7aef0,0x00000000ede80000)
  to   space 23552K, 0% used [0x00000000eb400000,0x00000000eb400000,0x00000000ecb00000)
 ParOldGen       total 260096K, used 39392K [0x00000000a0000000, 0x00000000afe00000, 0x00000000e0000000)
  object space 260096K, 15% used [0x00000000a0000000,0x00000000a26781b0,0x00000000afe00000)
 Metaspace       used 79106K, capacity 82566K, committed 82712K, reserved 1120256K
  class space    used 10649K, capacity 11284K, committed 11312K, reserved 1048576K
Event: 18.410 GC heap after
Heap after GC invocations=16 (full 3):
 PSYoungGen      total 207872K, used 23539K [0x00000000e0000000, 0x00000000ee480000, 0x0000000100000000)
  eden space 184320K, 0% used [0x00000000e0000000,0x00000000e0000000,0x00000000eb400000)
  from space 23552K, 99% used [0x00000000eb400000,0x00000000ecafcee0,0x00000000ecb00000)
  to   space 19968K, 0% used [0x00000000ecb00000,0x00000000ecb00000,0x00000000ede80000)
 ParOldGen       total 260096K, used 49556K [0x00000000a0000000, 0x00000000afe00000, 0x00000000e0000000)
  object space 260096K, 19% used [0x00000000a0000000,0x00000000a30652c8,0x00000000afe00000)
 Metaspace       used 79106K, capacity 82566K, committed 82712K, reserved 1120256K
  class space    used 10649K, capacity 11284K, committed 11312K, reserved 1048576K
}

