# JRE version: OpenJDK Runtime Environment (8.0_242-b01) (build 1.8.0_242-release-1644-b01)
# Java VM: OpenJDK 64-Bit Server VM (25.242-b01 mixed mode windows-amd64 compressed oops)
Heap:
 PSYoungGen      total 197120K, used 32930K [0x000000076b800000, 0x000000077c400000, 0x00000007c0000000)
  eden space 160768K, 20% used [0x000000076b800000,0x000000076d828858,0x0000000775500000)
  from space 36352K, 0% used [0x0000000777b00000,0x0000000777b00000,0x0000000779e80000)
  to   space 38912K, 0% used [0x0000000775500000,0x0000000775500000,0x0000000777b00000)
 ParOldGen       total 270336K, used 48037K [0x00000006c2800000, 0x00000006d3000000, 0x000000076b800000)
  object space 270336K, 17% used [0x00000006c2800000,0x00000006c56e9678,0x00000006d3000000)
 Metaspace       used 61286K, capacity 62470K, committed 62768K, reserved 1103872K
  class space    used 7300K, capacity 7610K, committed 7728K, reserved 1048576K
GC Heap History (10 events):
Event: 5.519 GC heap before
{Heap before GC invocations=7 (full 2):
 PSYoungGen      total 104960K, used 94208K [0x000000076b800000, 0x0000000772900000, 0x00000007c0000000)
  eden space 94208K, 100% used [0x000000076b800000,0x0000000771400000,0x0000000771400000)
  from space 10752K, 0% used [0x0000000771e80000,0x0000000771e80000,0x0000000772900000)
  to   space 10752K, 0% used [0x0000000771400000,0x0000000771400000,0x0000000771e80000)
 ParOldGen       total 194560K, used 20387K [0x00000006c2800000, 0x00000006ce600000, 0x000000076b800000)
  object space 194560K, 10% used [0x00000006c2800000,0x00000006c3be8c58,0x00000006ce600000)
 Metaspace       used 42376K, capacity 43030K, committed 43312K, reserved 1087488K
  class space    used 5222K, capacity 5378K, committed 5424K, reserved 1048576K
Event: 5.534 GC heap after
Heap after GC invocations=7 (full 2):
 PSYoungGen      total 104960K, used 10720K [0x000000076b800000, 0x0000000775f00000, 0x00000007c0000000)
  eden space 94208K, 0% used [0x000000076b800000,0x000000076b800000,0x0000000771400000)
  from space 10752K, 99% used [0x0000000771400000,0x0000000771e78390,0x0000000771e80000)
  to   space 22016K, 0% used [0x0000000774980000,0x0000000774980000,0x0000000775f00000)
 ParOldGen       total 194560K, used 29993K [0x00000006c2800000, 0x00000006ce600000, 0x000000076b800000)
  object space 194560K, 15% used [0x00000006c2800000,0x00000006c454a498,0x00000006ce600000)
 Metaspace       used 42376K, capacity 43030K, committed 43312K, reserved 1087488K
  class space    used 5222K, capacity 5378K, committed 5424K, reserved 1048576K
}
Event: 7.412 GC heap before
{Heap before GC invocations=8 (full 2):
 PSYoungGen      total 104960K, used 104928K [0x000000076b800000, 0x0000000775f00000, 0x00000007c0000000)
  eden space 94208K, 100% used [0x000000076b800000,0x0000000771400000,0x0000000771400000)
  from space 10752K, 99% used [0x0000000771400000,0x0000000771e78390,0x0000000771e80000)
  to   space 22016K, 0% used [0x0000000774980000,0x0000000774980000,0x0000000775f00000)
 ParOldGen       total 194560K, used 29993K [0x00000006c2800000, 0x00000006ce600000, 0x000000076b800000)
  object space 194560K, 15% used [0x00000006c2800000,0x00000006c454a498,0x00000006ce600000)
 Metaspace       used 47769K, capacity 48586K, committed 48944K, reserved 1091584K
  class space    used 5857K, capacity 6084K, committed 6192K, reserved 1048576K
Event: 7.438 GC heap after
Heap after GC invocations=8 (full 2):
 PSYoungGen      total 143360K, used 22001K [0x000000076b800000, 0x0000000776a80000, 0x00000007c0000000)
  eden space 121344K, 0% used [0x000000076b800000,0x000000076b800000,0x0000000772e80000)
  from space 22016K, 99% used [0x0000000774980000,0x0000000775efc548,0x0000000775f00000)
  to   space 27648K, 0% used [0x0000000772e80000,0x0000000772e80000,0x0000000774980000)
 ParOldGen       total 194560K, used 35032K [0x00000006c2800000, 0x00000006ce600000, 0x000000076b800000)
  object space 194560K, 18% used [0x00000006c2800000,0x00000006c4a36198,0x00000006ce600000)
 Metaspace       used 47769K, capacity 48586K, committed 48944K, reserved 1091584K
  class space    used 5857K, capacity 6084K, committed 6192K, reserved 1048576K
}
Event: 11.267 GC heap before
{Heap before GC invocations=9 (full 2):
 PSYoungGen      total 143360K, used 143345K [0x000000076b800000, 0x0000000776a80000, 0x00000007c0000000)
  eden space 121344K, 100% used [0x000000076b800000,0x0000000772e80000,0x0000000772e80000)
  from space 22016K, 99% used [0x0000000774980000,0x0000000775efc548,0x0000000775f00000)
  to   space 27648K, 0% used [0x0000000772e80000,0x0000000772e80000,0x0000000774980000)
 ParOldGen       total 194560K, used 35032K [0x00000006c2800000, 0x00000006ce600000, 0x000000076b800000)
  object space 194560K, 18% used [0x00000006c2800000,0x00000006c4a36198,0x00000006ce600000)
 Metaspace       used 56091K, capacity 57142K, committed 57392K, reserved 1099776K
  class space    used 6853K, capacity 7138K, committed 7216K, reserved 1048576K
Event: 11.308 GC heap after
Heap after GC invocations=9 (full 2):
 PSYoungGen      total 148992K, used 27616K [0x000000076b800000, 0x0000000779e80000, 0x00000007c0000000)
  eden space 121344K, 0% used [0x000000076b800000,0x000000076b800000,0x0000000772e80000)
  from space 27648K, 99% used [0x0000000772e80000,0x0000000774978390,0x0000000774980000)
  to   space 36352K, 0% used [0x0000000777b00000,0x0000000777b00000,0x0000000779e80000)
 ParOldGen       total 194560K, used 44847K [0x00000006c2800000, 0x00000006ce600000, 0x000000076b800000)
  object space 194560K, 23% used [0x00000006c2800000,0x00000006c53cbfc8,0x00000006ce600000)
 Metaspace       used 56091K, capacity 57142K, committed 57392K, reserved 1099776K
  class space    used 6853K, capacity 7138K, committed 7216K, reserved 1048576K
}
Event: 11.507 GC heap before
{Heap before GC invocations=10 (full 2):
 PSYoungGen      total 148992K, used 37368K [0x000000076b800000, 0x0000000779e80000, 0x00000007c0000000)
  eden space 121344K, 8% used [0x000000076b800000,0x000000076c186010,0x0000000772e80000)
  from space 27648K, 99% used [0x0000000772e80000,0x0000000774978390,0x0000000774980000)
  to   space 36352K, 0% used [0x0000000777b00000,0x0000000777b00000,0x0000000779e80000)
 ParOldGen       total 194560K, used 44847K [0x00000006c2800000, 0x00000006ce600000, 0x000000076b800000)
  object space 194560K, 23% used [0x00000006c2800000,0x00000006c53cbfc8,0x00000006ce600000)
 Metaspace       used 57944K, capacity 59010K, committed 59160K, reserved 1101824K
  class space    used 7018K, capacity 7308K, committed 7344K, reserved 1048576K
Event: 11.533 GC heap after
Heap after GC invocations=10 (full 2):
 PSYoungGen      total 197120K, used 29821K [0x000000076b800000, 0x000000077c400000, 0x00000007c0000000)
  eden space 160768K, 0% used [0x000000076b800000,0x000000076b800000,0x0000000775500000)
  from space 36352K, 82% used [0x0000000777b00000,0x000000077981f790,0x0000000779e80000)
  to   space 38912K, 0% used [0x0000000775500000,0x0000000775500000,0x0000000777b00000)
 ParOldGen       total 194560K, used 44855K [0x00000006c2800000, 0x00000006ce600000, 0x000000076b800000)
  object space 194560K, 23% used [0x00000006c2800000,0x00000006c53cdfc8,0x00000006ce600000)
 Metaspace       used 57944K, capacity 59010K, committed 59160K, reserved 1101824K
  class space    used 7018K, capacity 7308K, committed 7344K, reserved 1048576K
}
Event: 11.533 GC heap before
{Heap before GC invocations=11 (full 3):
 PSYoungGen      total 197120K, used 29821K [0x000000076b800000, 0x000000077c400000, 0x00000007c0000000)
  eden space 160768K, 0% used [0x000000076b800000,0x000000076b800000,0x0000000775500000)
  from space 36352K, 82% used [0x0000000777b00000,0x000000077981f790,0x0000000779e80000)
  to   space 38912K, 0% used [0x0000000775500000,0x0000000775500000,0x0000000777b00000)
 ParOldGen       total 194560K, used 44855K [0x00000006c2800000, 0x00000006ce600000, 0x000000076b800000)
  object space 194560K, 23% used [0x00000006c2800000,0x00000006c53cdfc8,0x00000006ce600000)
 Metaspace       used 57944K, capacity 59010K, committed 59160K, reserved 1101824K
  class space    used 7018K, capacity 7308K, committed 7344K, reserved 1048576K
Event: 11.830 GC heap after
Heap after GC invocations=11 (full 3):
 PSYoungGen      total 197120K, used 0K [0x000000076b800000, 0x000000077c400000, 0x00000007c0000000)
  eden space 160768K, 0% used [0x000000076b800000,0x000000076b800000,0x0000000775500000)
  from space 36352K, 0% used [0x0000000777b00000,0x0000000777b00000,0x0000000779e80000)
  to   space 38912K, 0% used [0x0000000775500000,0x0000000775500000,0x0000000777b00000)
 ParOldGen       total 270336K, used 48037K [0x00000006c2800000, 0x00000006d3000000, 0x000000076b800000)
  object space 270336K, 17% used [0x00000006c2800000,0x00000006c56e9678,0x00000006d3000000)
 Metaspace       used 57944K, capacity 59010K, committed 59160K, reserved 1101824K
  class space    used 7018K, capacity 7308K, committed 7344K, reserved 1048576K
}

